0 info it worked if it ends with ok
1 verbose cli [ 'c:\\Program Files\\nodejs\\node.exe',
1 verbose cli   'c:\\Program Files\\nodejs\\node_modules\\npm\\bin\\npm-cli.js',
1 verbose cli   'install',
1 verbose cli   '--registry',
1 verbose cli   'http://npmjs.org/',
1 verbose cli   'jasmine-node@1.2.0' ]
2 info using npm@1.1.59
3 info using node@v0.8.8
4 verbose read json C:\Users\esadtom\git\Presentation_Client\apps\tutorials\advanced\2_uisdk\package.json
5 verbose read json C:\Users\esadtom\git\Presentation_Client\apps\tutorials\advanced\2_uisdk\node_modules\jscore\package.json
6 verbose read json C:\Users\esadtom\git\Presentation_Client\apps\tutorials\advanced\2_uisdk\package.json
7 verbose cache add [ 'jasmine-node@1.2.0', null ]
8 silly cache add name=undefined spec="jasmine-node@1.2.0" args=["jasmine-node@1.2.0",null]
9 verbose parsed url { pathname: 'jasmine-node@1.2.0',
9 verbose parsed url   path: 'jasmine-node@1.2.0',
9 verbose parsed url   href: 'jasmine-node@1.2.0' }
10 silly cache add name="jasmine-node" spec="1.2.0" args=["jasmine-node","1.2.0"]
11 verbose parsed url { pathname: '1.2.0', path: '1.2.0', href: '1.2.0' }
12 verbose addNamed [ 'jasmine-node', '1.2.0' ]
13 verbose addNamed [ '1.2.0', '1.2.0' ]
14 silly lockFile 4b0f88b7-jasmine-node-1-2-0 jasmine-node@1.2.0
15 verbose lock jasmine-node@1.2.0 C:\Users\esadtom\AppData\Roaming\npm-cache\4b0f88b7-jasmine-node-1-2-0.lock
16 verbose url raw jasmine-node/1.2.0
17 verbose url resolving [ 'http://npmjs.org/', './jasmine-node/1.2.0' ]
18 verbose url resolved http://npmjs.org/jasmine-node/1.2.0
19 info retry registry request attempt 1 at 14:17:48
20 http GET http://npmjs.org/jasmine-node/1.2.0
21 info retry will retry, error on last attempt: Error: connect ETIMEDOUT
22 info retry registry request attempt 2 at 14:18:19
23 http GET http://npmjs.org/jasmine-node/1.2.0
24 info retry will retry, error on last attempt: Error: connect ETIMEDOUT
25 info retry registry request attempt 3 at 14:19:40
26 http GET http://npmjs.org/jasmine-node/1.2.0
27 error Error: write EPIPE
27 error     at errnoException (net.js:768:11)
27 error     at Object.afterWrite (net.js:592:19)
28 error If you need help, you may report this log at:
28 error     <http://github.com/isaacs/npm/issues>
28 error or email it to:
28 error     <npm-@googlegroups.com>
29 error System Windows_NT 6.1.7601
30 error command "c:\\Program Files\\nodejs\\node.exe" "c:\\Program Files\\nodejs\\node_modules\\npm\\bin\\npm-cli.js" "install" "--registry" "http://npmjs.org/" "jasmine-node@1.2.0"
31 error cwd C:\Users\esadtom\git\Presentation_Client\apps\tutorials\advanced\2_uisdk
32 error node -v v0.8.8
33 error npm -v 1.1.59
34 error syscall write
35 error code EPIPE
36 error errno EPIPE
37 verbose exit [ 1, true ]
