0 info it worked if it ends with ok
1 verbose cli [ 'c:\\Program Files\\nodejs\\node.exe',
1 verbose cli   'c:\\Program Files\\nodejs\\node_modules\\npm\\bin\\npm-cli.js',
1 verbose cli   'start' ]
2 info using npm@1.1.59
3 info using node@v0.8.8
4 verbose read json C:\Users\esadtom\git\Presentation_Client\apps\acceptance_prot\package.json
5 error Error: ENOENT, open 'C:\Users\esadtom\git\Presentation_Client\apps\acceptance_prot\package.json'
6 error If you need help, you may report this log at:
6 error     <http://github.com/isaacs/npm/issues>
6 error or email it to:
6 error     <npm-@googlegroups.com>
7 error System Windows_NT 6.1.7601
8 error command "c:\\Program Files\\nodejs\\node.exe" "c:\\Program Files\\nodejs\\node_modules\\npm\\bin\\npm-cli.js" "start"
9 error cwd C:\Users\esadtom\git\Presentation_Client\apps\acceptance_prot
10 error node -v v0.8.8
11 error npm -v 1.1.59
12 error path C:\Users\esadtom\git\Presentation_Client\apps\acceptance_prot\package.json
13 error code ENOENT
14 error errno 34
15 verbose exit [ 34, true ]
